<?xml version="1.0" encoding="UTF-8"?>
<hazelcast xsi:schemaLocation="http://www.hazelcast.com/schema/config hazelcast-config-3.6.xsd"
           xmlns="http://www.hazelcast.com/schema/config"
           xmlns:xsi="http://www.w3.org/2001/XMLSchema-instance">
    <properties>
        <property name="hazelcast.discovery.enabled">true</property>
        <property name="hazelcast.memcache.enabled">false</property>
        <property name="hazelcast.rest.enabled">false</property>
        <property name="hazelcast.logging.type">slf4j</property>
    </properties>

    <network>
        <port auto-increment="false">5701</port>
        <join>
            <multicast enabled="false"/>
            <tcp-ip enabled="false"/>
            <aws enabled="false"/>

            <discovery-strategies>
                <discovery-strategy
                        enabled = "true"
                        class   = "com.github.lburgazzoli.hazelcast.discovery.etcd.EtcdDiscoveryStrategy">
                    <properties>
                        <property name ="urls">http://localhost:4001</property>
                        <property name ="serviceName">_hazelcast</property>
                    </properties>
                </discovery-strategy>
            </discovery-strategies>
        </join>
    </network>

</hazelcast>
